{"level":"info","message":"Express server running","service":"user-service","timestamp":"2025-07-28T05:43:04.015Z"}
{"level":"info","message":"Express server running","service":"user-service","timestamp":"2025-07-28T05:51:34.500Z"}
{"level":"error","message":"Express Server failure","service":"user-service","timestamp":"2025-07-28T05:52:44.397Z"}
{"level":"error","service":"user-service","timestamp":"2025-07-28T05:52:44.399Z"}
{"level":"error","message":"Express Server failure","service":"user-service","timestamp":"2025-07-28T05:52:52.717Z"}
{"level":"error","service":"user-service","timestamp":"2025-07-28T05:52:52.720Z"}
{"level":"info","message":"Express server running","service":"user-service","timestamp":"2025-07-28T05:54:12.229Z"}
{"level":"info","message":"测试GET接口被调用","service":"user-service","timestamp":"2025-07-28T05:54:17.645Z"}
{"body":{"data":{"key":"value"},"message":"这是一条测试消息","name":"测试用户"},"level":"info","message":"测试POST接口被调用","service":"user-service","timestamp":"2025-07-28T05:54:20.959Z"}
{"level":"info","message":"测试GET接口被调用","service":"user-service","timestamp":"2025-07-28T05:56:25.998Z"}
{"body":{"data":{"array":[1,2,3],"key":"value","number":123},"message":"这是一条测试消息","name":"测试用户"},"level":"info","message":"测试POST接口被调用","service":"user-service","timestamp":"2025-07-28T05:56:26.003Z"}
{"level":"info","message":"测试GET接口被调用","service":"user-service","timestamp":"2025-07-28T05:57:47.281Z"}
{"level":"info","message":"Express server running","service":"user-service","timestamp":"2025-07-28T06:38:38.587Z"}
{"level":"info","message":"Express server running","service":"user-service","timestamp":"2025-07-28T06:40:00.488Z"}
{"level":"info","message":"获取账户信息","service":"user-service","timestamp":"2025-07-28T06:40:07.592Z"}
{"level":"info","message":"成功加载 5 只股票的数据","service":"user-service","timestamp":"2025-07-28T06:40:07.595Z"}
{"level":"info","message":"买入成功: GLE FP 100股，价格: 23.5","service":"user-service","timestamp":"2025-07-28T06:40:07.595Z"}
{"level":"info","message":"买入成功: KPN NA 200股，价格: 3.2","service":"user-service","timestamp":"2025-07-28T06:40:07.596Z"}
{"level":"info","message":"买入成功: AALB NA 50股，价格: 37","service":"user-service","timestamp":"2025-07-28T06:40:07.596Z"}
{"level":"info","message":"初始化测试持仓完成","service":"user-service","timestamp":"2025-07-28T06:40:07.596Z"}
{"level":"info","message":"获取持仓信息","service":"user-service","timestamp":"2025-07-28T06:40:07.601Z"}
{"level":"info","message":"成功加载 5 只股票的数据","service":"user-service","timestamp":"2025-07-28T06:40:07.603Z"}
{"level":"info","message":"买入成功: GLE FP 100股，价格: 23.5","service":"user-service","timestamp":"2025-07-28T06:40:07.603Z"}
{"level":"info","message":"买入成功: KPN NA 200股，价格: 3.2","service":"user-service","timestamp":"2025-07-28T06:40:07.603Z"}
{"level":"info","message":"买入成功: AALB NA 50股，价格: 37","service":"user-service","timestamp":"2025-07-28T06:40:07.604Z"}
{"level":"info","message":"初始化测试持仓完成","service":"user-service","timestamp":"2025-07-28T06:40:07.604Z"}
{"level":"info","message":"获取市场股票列表","service":"user-service","timestamp":"2025-07-28T06:40:07.606Z"}
{"level":"info","message":"成功加载 5 只股票的数据","service":"user-service","timestamp":"2025-07-28T06:40:07.608Z"}
{"level":"info","message":"获取股票数据: GLE FP","service":"user-service","timestamp":"2025-07-28T06:40:07.610Z"}
{"level":"info","message":"成功加载 5 只股票的数据","service":"user-service","timestamp":"2025-07-28T06:40:07.612Z"}
{"level":"info","message":"获取最大买入数量: GLE FP","service":"user-service","timestamp":"2025-07-28T06:40:07.613Z"}
{"level":"info","message":"成功加载 5 只股票的数据","service":"user-service","timestamp":"2025-07-28T06:40:07.614Z"}
{"level":"info","message":"买入成功: GLE FP 100股，价格: 23.5","service":"user-service","timestamp":"2025-07-28T06:40:07.615Z"}
{"level":"info","message":"买入成功: KPN NA 200股，价格: 3.2","service":"user-service","timestamp":"2025-07-28T06:40:07.615Z"}
{"level":"info","message":"买入成功: AALB NA 50股，价格: 37","service":"user-service","timestamp":"2025-07-28T06:40:07.615Z"}
{"level":"info","message":"初始化测试持仓完成","service":"user-service","timestamp":"2025-07-28T06:40:07.615Z"}
{"level":"info","message":"买入股票: GLE FP 10股","service":"user-service","timestamp":"2025-07-28T06:40:07.624Z"}
{"level":"info","message":"成功加载 5 只股票的数据","service":"user-service","timestamp":"2025-07-28T06:40:07.625Z"}
{"level":"info","message":"买入成功: GLE FP 100股，价格: 23.5","service":"user-service","timestamp":"2025-07-28T06:40:07.626Z"}
{"level":"info","message":"买入成功: KPN NA 200股，价格: 3.2","service":"user-service","timestamp":"2025-07-28T06:40:07.626Z"}
{"level":"info","message":"买入成功: AALB NA 50股，价格: 37","service":"user-service","timestamp":"2025-07-28T06:40:07.626Z"}
{"level":"info","message":"初始化测试持仓完成","service":"user-service","timestamp":"2025-07-28T06:40:07.626Z"}
{"level":"info","message":"买入成功: GLE FP 10股，价格: 31.25","service":"user-service","timestamp":"2025-07-28T06:40:07.626Z"}
{"level":"info","message":"卖出股票: GLE FP 5股","service":"user-service","timestamp":"2025-07-28T06:40:07.628Z"}
{"level":"info","message":"成功加载 5 只股票的数据","service":"user-service","timestamp":"2025-07-28T06:40:07.630Z"}
{"level":"info","message":"买入成功: GLE FP 100股，价格: 23.5","service":"user-service","timestamp":"2025-07-28T06:40:07.630Z"}
{"level":"info","message":"买入成功: KPN NA 200股，价格: 3.2","service":"user-service","timestamp":"2025-07-28T06:40:07.630Z"}
{"level":"info","message":"买入成功: AALB NA 50股，价格: 37","service":"user-service","timestamp":"2025-07-28T06:40:07.630Z"}
{"level":"info","message":"初始化测试持仓完成","service":"user-service","timestamp":"2025-07-28T06:40:07.630Z"}
{"level":"info","message":"卖出成功: GLE FP 5股，价格: 31.25","service":"user-service","timestamp":"2025-07-28T06:40:07.631Z"}
{"level":"info","message":"充值: 10000","service":"user-service","timestamp":"2025-07-28T06:40:07.633Z"}
{"level":"info","message":"成功加载 5 只股票的数据","service":"user-service","timestamp":"2025-07-28T06:40:07.634Z"}
{"level":"info","message":"买入成功: GLE FP 100股，价格: 23.5","service":"user-service","timestamp":"2025-07-28T06:40:07.634Z"}
{"level":"info","message":"买入成功: KPN NA 200股，价格: 3.2","service":"user-service","timestamp":"2025-07-28T06:40:07.634Z"}
{"level":"info","message":"买入成功: AALB NA 50股，价格: 37","service":"user-service","timestamp":"2025-07-28T06:40:07.635Z"}
{"level":"info","message":"初始化测试持仓完成","service":"user-service","timestamp":"2025-07-28T06:40:07.635Z"}
{"level":"info","message":"充值成功: 10000","service":"user-service","timestamp":"2025-07-28T06:40:07.635Z"}
{"level":"info","message":"获取账户信息","service":"user-service","timestamp":"2025-07-28T06:40:07.637Z"}
{"level":"info","message":"成功加载 5 只股票的数据","service":"user-service","timestamp":"2025-07-28T06:40:07.638Z"}
{"level":"info","message":"买入成功: GLE FP 100股，价格: 23.5","service":"user-service","timestamp":"2025-07-28T06:40:07.638Z"}
{"level":"info","message":"买入成功: KPN NA 200股，价格: 3.2","service":"user-service","timestamp":"2025-07-28T06:40:07.638Z"}
{"level":"info","message":"买入成功: AALB NA 50股，价格: 37","service":"user-service","timestamp":"2025-07-28T06:40:07.638Z"}
{"level":"info","message":"初始化测试持仓完成","service":"user-service","timestamp":"2025-07-28T06:40:07.638Z"}
{"level":"info","message":"获取持仓信息","service":"user-service","timestamp":"2025-07-28T06:53:28.036Z"}
{"level":"info","message":"成功加载 5 只股票的数据","service":"user-service","timestamp":"2025-07-28T06:53:28.047Z"}
{"level":"info","message":"买入成功: GLE FP 100股，价格: 23.5","service":"user-service","timestamp":"2025-07-28T06:53:28.048Z"}
{"level":"info","message":"买入成功: KPN NA 200股，价格: 3.2","service":"user-service","timestamp":"2025-07-28T06:53:28.048Z"}
{"level":"info","message":"买入成功: AALB NA 50股，价格: 37","service":"user-service","timestamp":"2025-07-28T06:53:28.049Z"}
{"level":"info","message":"初始化测试持仓完成","service":"user-service","timestamp":"2025-07-28T06:53:28.049Z"}
{"level":"info","message":"Express server running","service":"user-service","timestamp":"2025-07-29T03:39:11.364Z"}
{"level":"info","message":"Express server running","service":"user-service","timestamp":"2025-07-29T03:40:54.935Z"}
{"level":"info","message":"获取持仓信息","service":"user-service","timestamp":"2025-07-29T03:41:09.848Z"}
{"level":"info","message":"获取持仓信息","service":"user-service","timestamp":"2025-07-29T03:45:17.709Z"}
{"level":"info","message":"获取账户信息","service":"user-service","timestamp":"2025-07-29T03:45:36.192Z"}
{"level":"info","message":"买入成功: AALB NA 10股，价格: 34.3","service":"user-service","timestamp":"2025-07-29T03:47:39.071Z"}
{"level":"info","message":"卖出成功: AALB NA 5股，价格: 34.3","service":"user-service","timestamp":"2025-07-29T03:47:40.446Z"}
{"level":"info","message":"获取账户信息","service":"user-service","timestamp":"2025-07-29T03:48:51.853Z"}
{"level":"info","message":"买入成功: AALB NA 10股，价格: 34.3","service":"user-service","timestamp":"2025-07-29T03:49:35.118Z"}
{"level":"info","message":"获取账户信息","service":"user-service","timestamp":"2025-07-29T04:57:55.049Z"}
{"level":"info","message":"获取持仓信息","service":"user-service","timestamp":"2025-07-29T04:57:55.051Z"}
{"level":"info","message":"获取市场股票列表","service":"user-service","timestamp":"2025-07-29T04:57:55.052Z"}
{"level":"info","message":"获取账户信息","service":"user-service","timestamp":"2025-07-29T04:58:25.056Z"}
{"level":"info","message":"获取持仓信息","service":"user-service","timestamp":"2025-07-29T04:58:25.058Z"}
{"level":"info","message":"获取市场股票列表","service":"user-service","timestamp":"2025-07-29T04:58:25.061Z"}
{"level":"info","message":"获取账户信息","service":"user-service","timestamp":"2025-07-29T04:58:55.146Z"}
{"level":"info","message":"获取持仓信息","service":"user-service","timestamp":"2025-07-29T04:58:55.147Z"}
{"level":"info","message":"获取市场股票列表","service":"user-service","timestamp":"2025-07-29T04:58:55.148Z"}
{"level":"info","message":"获取账户信息","service":"user-service","timestamp":"2025-07-29T04:59:25.150Z"}
{"level":"info","message":"获取持仓信息","service":"user-service","timestamp":"2025-07-29T04:59:25.150Z"}
{"level":"info","message":"获取市场股票列表","service":"user-service","timestamp":"2025-07-29T04:59:25.151Z"}
{"level":"info","message":"获取账户信息","service":"user-service","timestamp":"2025-07-29T04:59:55.150Z"}
{"level":"info","message":"获取持仓信息","service":"user-service","timestamp":"2025-07-29T04:59:55.151Z"}
{"level":"info","message":"获取市场股票列表","service":"user-service","timestamp":"2025-07-29T04:59:55.151Z"}
{"level":"info","message":"获取账户信息","service":"user-service","timestamp":"2025-07-29T05:00:25.150Z"}
{"level":"info","message":"获取持仓信息","service":"user-service","timestamp":"2025-07-29T05:00:25.151Z"}
{"level":"info","message":"获取市场股票列表","service":"user-service","timestamp":"2025-07-29T05:00:25.151Z"}
{"level":"info","message":"获取账户信息","service":"user-service","timestamp":"2025-07-29T05:00:55.147Z"}
{"level":"info","message":"获取持仓信息","service":"user-service","timestamp":"2025-07-29T05:00:55.147Z"}
{"level":"info","message":"获取市场股票列表","service":"user-service","timestamp":"2025-07-29T05:00:55.148Z"}
{"level":"info","message":"获取账户信息","service":"user-service","timestamp":"2025-07-29T05:01:25.201Z"}
{"level":"info","message":"获取持仓信息","service":"user-service","timestamp":"2025-07-29T05:01:25.202Z"}
{"level":"info","message":"获取市场股票列表","service":"user-service","timestamp":"2025-07-29T05:01:25.202Z"}
{"level":"info","message":"获取账户信息","service":"user-service","timestamp":"2025-07-29T05:01:55.201Z"}
{"level":"info","message":"获取持仓信息","service":"user-service","timestamp":"2025-07-29T05:01:55.202Z"}
{"level":"info","message":"获取市场股票列表","service":"user-service","timestamp":"2025-07-29T05:01:55.203Z"}
